c:\users\polarfox\source\repos\zmpo5\zmpo5\debug\vc141.pdb
c:\users\polarfox\source\repos\zmpo5\zmpo5\debug\vc141.idb
c:\users\polarfox\source\repos\zmpo5\zmpo5\debug\treecreator.obj
c:\users\polarfox\source\repos\zmpo5\zmpo5\debug\source.obj
c:\users\polarfox\source\repos\zmpo5\zmpo5\debug\problem.obj
c:\users\polarfox\source\repos\zmpo5\zmpo5\debug\manager.obj
c:\users\polarfox\source\repos\zmpo5\zmpo5\debug\ctable.obj
c:\users\polarfox\source\repos\zmpo5\zmpo5\debug\commands.obj
c:\users\polarfox\source\repos\zmpo5\zmpo5\debug\cmenuitem.obj
c:\users\polarfox\source\repos\zmpo5\zmpo5\debug\cmenucommand.obj
c:\users\polarfox\source\repos\zmpo5\zmpo5\debug\cmenu.obj
c:\users\polarfox\source\repos\zmpo5\zmpo5\debug\ccommand.obj
c:\users\polarfox\source\repos\zmpo5\zmpo5\debug\ag.obj
c:\users\polarfox\source\repos\zmpo5\debug\zmpo5.exe
c:\users\polarfox\source\repos\zmpo5\debug\zmpo5.ilk
c:\users\polarfox\source\repos\zmpo5\debug\zmpo5.pdb
c:\users\polarfox\source\repos\zmpo5\zmpo5\debug\zmpo5.tlog\cl.command.1.tlog
c:\users\polarfox\source\repos\zmpo5\zmpo5\debug\zmpo5.tlog\cl.read.1.tlog
c:\users\polarfox\source\repos\zmpo5\zmpo5\debug\zmpo5.tlog\cl.write.1.tlog
c:\users\polarfox\source\repos\zmpo5\zmpo5\debug\zmpo5.tlog\link.command.1.tlog
c:\users\polarfox\source\repos\zmpo5\zmpo5\debug\zmpo5.tlog\link.read.1.tlog
c:\users\polarfox\source\repos\zmpo5\zmpo5\debug\zmpo5.tlog\link.write.1.tlog
